[03/07/2024 09:53:17 AM] [31merror[39m: 	[31mFailed to sort [PkgID: FAHASA072024/06] to port 4[39m
[03/07/2024 09:53:17 AM] [31merror[39m: 	[31mPort 4 not responding!!![39m
[03/07/2024 10:04:06 AM] [31merror[39m:     	[31mFailed to sort [PkgID: FAHASA072024/06] to port 4[39m
[03/07/2024 10:04:06 AM] [31merror[39m:     	[31mPort 4 not responding!!![39m
[03/07/2024 10:05:21 AM] [31merror[39m:	[31mFailed to sort [PkgID: FAHASA072024/06] to port 4[39m
[03/07/2024 10:05:21 AM] [31merror[39m:	[31mPort 4 not responding!!![39m
[03/07/2024 10:06:30 AM] [31merror[39m:	[31mFailed to sort [PkgID: FAHASA072024/05] to port 3[39m
[03/07/2024 10:06:30 AM] [31merror[39m:	[31mPort 3 not responding!!![39m
[03/07/2024 10:06:44 AM] [31merror[39m:	[31mFailed to sort [PkgID: FAHASA072024/08] to port 4[39m
[03/07/2024 10:06:44 AM] [31merror[39m:	[31mPort 4 not responding!!![39m
[03/07/2024 10:07:45 AM] [31merror[39m:	[31mFailed to sort [PkgID: FAHASA072024/06] to port 4[39m
[03/07/2024 10:07:45 AM] [31merror[39m:	[31mPort 4 not responding!!![39m
[03/07/2024 10:07:47 AM] [31merror[39m:	[31mFailed to sort [PkgID: FAHASA072024/05] to port 3[39m
[03/07/2024 10:07:47 AM] [31merror[39m:	[31mPort 3 not responding!!![39m
[03/07/2024 10:07:49 AM] [31merror[39m:	[31mFailed to sort [PkgID: FAHASA072024/04] to port 4[39m
[03/07/2024 10:07:49 AM] [31merror[39m:	[31mPort 4 not responding!!![39m
[03/07/2024 10:07:53 AM] [31merror[39m:	[31mFailed to sort [PkgID: FAHASA072024/03] to port 3[39m
[03/07/2024 10:07:53 AM] [31merror[39m:	[31mPort 3 not responding!!![39m
[03/07/2024 10:07:55 AM] [31merror[39m:	[31mFailed to sort [PkgID: FAHASA072024/08] to port 4[39m
[03/07/2024 10:07:55 AM] [31merror[39m:	[31mPort 4 not responding!!![39m
